This file contains any messages produced by compilers while
running configure, to aid debugging if configure makes a mistake.

It was created by shadowsocks-libev configure 3.3.5, which was
generated by GNU Autoconf 2.72.  Invocation command line was

  $ ./configure

## --------- ##
## Platform. ##
## --------- ##

hostname = Mac
uname -m = arm64
uname -r = 24.3.0
uname -s = Darwin
uname -v = Darwin Kernel Version 24.3.0: Thu Jan  2 20:24:23 PST 2025; root:xnu-11215.81.4~3/RELEASE_ARM64_T8122

/usr/bin/uname -p = arm
/bin/uname -X     = unknown

/bin/arch              = unknown
/usr/bin/arch -k       = unknown
/usr/convex/getsysinfo = unknown
/usr/bin/hostinfo      = Mach kernel version:
	 Darwin Kernel Version 24.3.0: Thu Jan  2 20:24:23 PST 2025; root:xnu-11215.81.4~3/RELEASE_ARM64_T8122
Kernel configured for up to 8 processors.
8 processors are physically available.
8 processors are logically available.
Processor type: arm64e (ARM64E)
Processors active: 0 1 2 3 4 5 6 7
Primary memory available: 24.00 gigabytes
Default processor set: 579 tasks, 2810 threads, 8 processors
Load average: 6.54, Mach factor: 2.92
/bin/machine           = unknown
/usr/bin/oslevel       = unknown
/bin/universe          = unknown

PATH: /opt/homebrew/opt/ruby/bin/
PATH: /opt/homebrew/bin/
PATH: /opt/homebrew/sbin/
PATH: /Users/tianfengyou/.rbenv/shims/
PATH: /usr/local/bin/
PATH: /System/Cryptexes/App/usr/bin/
PATH: /usr/bin/
PATH: /bin/
PATH: /usr/sbin/
PATH: /sbin/
PATH: /var/run/com.apple.security.cryptexd/codex.system/bootstrap/usr/local/bin/
PATH: /var/run/com.apple.security.cryptexd/codex.system/bootstrap/usr/bin/
PATH: /var/run/com.apple.security.cryptexd/codex.system/bootstrap/usr/appleinternal/bin/
PATH: /Library/Apple/usr/bin/
PATH: /opt/homebrew/opt/ruby/bin/
PATH: /Users/tianfengyou/.cargo/bin/
PATH: /Users/tianfengyou/.rvm/bin/
PATH: /Users/tianfengyou/.rvm/bin/


## ----------- ##
## Core tests. ##
## ----------- ##

configure:2471: looking for aux files: ltmain.sh config.guess config.sub ar-lib missing install-sh compile
configure:2484:  trying ./auto/
configure:2513:   ./auto/ltmain.sh found
configure:2513:   ./auto/config.guess found
configure:2513:   ./auto/config.sub found
configure:2513:   ./auto/ar-lib found
configure:2513:   ./auto/missing found
configure:2495:   ./auto/install-sh found
configure:2513:   ./auto/compile found
configure:2698: checking for gcc
configure:2719: found /usr/bin/gcc
configure:2731: result: gcc
configure:3090: checking for C compiler version
configure:3099: gcc --version >&5
Apple clang version 16.0.0 (clang-1600.0.26.6)
Target: arm64-apple-darwin24.3.0
Thread model: posix
InstalledDir: /Applications/Xcode.app/Contents/Developer/Toolchains/XcodeDefault.xctoolchain/usr/bin
configure:3110: $? = 0
configure:3099: gcc -v >&5
Apple clang version 16.0.0 (clang-1600.0.26.6)
Target: arm64-apple-darwin24.3.0
Thread model: posix
InstalledDir: /Applications/Xcode.app/Contents/Developer/Toolchains/XcodeDefault.xctoolchain/usr/bin
configure:3110: $? = 0
configure:3099: gcc -V >&5
clang: error: argument to '-V' is missing (expected 1 value)
clang: error: no input files
configure:3110: $? = 1
configure:3099: gcc -qversion >&5
clang: error: unknown argument '-qversion'; did you mean '--version'?
clang: error: no input files
configure:3110: $? = 1
configure:3099: gcc -version >&5
clang: error: unknown argument '-version'; did you mean '--version'?
clang: error: no input files
configure:3110: $? = 1
configure:3130: checking whether the C compiler works
configure:3152: gcc    conftest.c  >&5
configure:3156: $? = 0
configure:3207: result: yes
configure:3211: checking for C compiler default output file name
configure:3213: result: a.out
configure:3219: checking for suffix of executables
configure:3226: gcc -o conftest    conftest.c  >&5
configure:3230: $? = 0
configure:3254: result: 
configure:3278: checking whether we are cross compiling
configure:3286: gcc -o conftest    conftest.c  >&5
configure:3290: $? = 0
configure:3297: ./conftest
configure:3301: $? = 0
configure:3316: result: no
configure:3322: checking for suffix of object files
configure:3345: gcc -c   conftest.c >&5
configure:3349: $? = 0
configure:3373: result: o
configure:3377: checking whether the compiler supports GNU C
configure:3397: gcc -c   conftest.c >&5
configure:3397: $? = 0
configure:3409: result: yes
configure:3420: checking whether gcc accepts -g
configure:3441: gcc -c -g  conftest.c >&5
configure:3441: $? = 0
configure:3488: result: yes
configure:3508: checking for gcc option to enable C11 features
configure:3523: gcc  -c -g -O2  conftest.c >&5
configure:3523: $? = 0
configure:3542: result: none needed
configure:3666: checking whether gcc understands -c and -o together
configure:3689: gcc -c conftest.c -o conftest2.o
configure:3692: $? = 0
configure:3689: gcc -c conftest.c -o conftest2.o
configure:3692: $? = 0
configure:3705: result: yes
configure:3727: checking for stdio.h
configure:3727: gcc -c -g -O2  conftest.c >&5
configure:3727: $? = 0
configure:3727: result: yes
configure:3727: checking for stdlib.h
configure:3727: gcc -c -g -O2  conftest.c >&5
configure:3727: $? = 0
configure:3727: result: yes
configure:3727: checking for string.h
configure:3727: gcc -c -g -O2  conftest.c >&5
configure:3727: $? = 0
configure:3727: result: yes
configure:3727: checking for inttypes.h
configure:3727: gcc -c -g -O2  conftest.c >&5
configure:3727: $? = 0
configure:3727: result: yes
configure:3727: checking for stdint.h
configure:3727: gcc -c -g -O2  conftest.c >&5
configure:3727: $? = 0
configure:3727: result: yes
configure:3727: checking for strings.h
configure:3727: gcc -c -g -O2  conftest.c >&5
configure:3727: $? = 0
configure:3727: result: yes
configure:3727: checking for sys/stat.h
configure:3727: gcc -c -g -O2  conftest.c >&5
configure:3727: $? = 0
configure:3727: result: yes
configure:3727: checking for sys/types.h
configure:3727: gcc -c -g -O2  conftest.c >&5
configure:3727: $? = 0
configure:3727: result: yes
configure:3727: checking for unistd.h
configure:3727: gcc -c -g -O2  conftest.c >&5
configure:3727: $? = 0
configure:3727: result: yes
configure:3727: checking for wchar.h
configure:3727: gcc -c -g -O2  conftest.c >&5
configure:3727: $? = 0
configure:3727: result: yes
configure:3727: checking for minix/config.h
configure:3727: gcc -c -g -O2  conftest.c >&5
conftest.c:47:10: fatal error: 'minix/config.h' file not found
   47 | #include <minix/config.h>
      |          ^~~~~~~~~~~~~~~~
1 error generated.
configure:3727: $? = 1
configure: failed program was:
| /* confdefs.h */
| #define PACKAGE_NAME "shadowsocks-libev"
| #define PACKAGE_TARNAME "shadowsocks-libev"
| #define PACKAGE_VERSION "3.3.5"
| #define PACKAGE_STRING "shadowsocks-libev 3.3.5"
| #define PACKAGE_BUGREPORT "max.c.lv@gmail.com"
| #define PACKAGE_URL ""
| #define HAVE_STDIO_H 1
| #define HAVE_STDLIB_H 1
| #define HAVE_STRING_H 1
| #define HAVE_INTTYPES_H 1
| #define HAVE_STDINT_H 1
| #define HAVE_STRINGS_H 1
| #define HAVE_SYS_STAT_H 1
| #define HAVE_SYS_TYPES_H 1
| #define HAVE_UNISTD_H 1
| #define HAVE_WCHAR_H 1
| /* end confdefs.h.  */
| #include <stddef.h>
| #ifdef HAVE_STDIO_H
| # include <stdio.h>
| #endif
| #ifdef HAVE_STDLIB_H
| # include <stdlib.h>
| #endif
| #ifdef HAVE_STRING_H
| # include <string.h>
| #endif
| #ifdef HAVE_INTTYPES_H
| # include <inttypes.h>
| #endif
| #ifdef HAVE_STDINT_H
| # include <stdint.h>
| #endif
| #ifdef HAVE_STRINGS_H
| # include <strings.h>
| #endif
| #ifdef HAVE_SYS_TYPES_H
| # include <sys/types.h>
| #endif
| #ifdef HAVE_SYS_STAT_H
| # include <sys/stat.h>
| #endif
| #ifdef HAVE_UNISTD_H
| # include <unistd.h>
| #endif
| #include <minix/config.h>
configure:3727: result: no
configure:3758: checking whether it is safe to define __EXTENSIONS__
configure:3777: gcc -c -g -O2  conftest.c >&5
configure:3777: $? = 0
configure:3787: result: yes
configure:3790: checking whether _XOPEN_SOURCE should be defined
configure:3812: gcc -c -g -O2  conftest.c >&5
configure:3812: $? = 0
configure:3841: result: no
configure:3918: checking for a BSD-compatible install
configure:3992: result: /opt/homebrew/bin/ginstall -c
configure:4003: checking whether sleep supports fractional seconds
configure:4019: result: yes
configure:4022: checking filesystem timestamp resolution
configure:4157: result: 2
configure:4162: checking whether build environment is sane
configure:4203: result: yes
configure:4370: checking for a race-free mkdir -p
configure:4413: result: /opt/homebrew/bin/gmkdir -p
configure:4420: checking for gawk
configure:4456: result: no
configure:4420: checking for mawk
configure:4456: result: no
configure:4420: checking for nawk
configure:4456: result: no
configure:4420: checking for awk
configure:4441: found /usr/bin/awk
configure:4453: result: awk
configure:4464: checking whether make sets $(MAKE)
configure:4488: result: yes
configure:4510: checking whether make supports the include directive
configure:4525: make -f confmf.GNU && cat confinc.out
this is the am__doit target
configure:4528: $? = 0
configure:4547: result: yes (GNU style)
configure:4578: checking whether make supports nested variables
configure:4597: result: yes
configure:4611: checking xargs -n works
configure:4627: result: yes
configure:4708: checking dependency style of gcc
configure:4821: result: gcc3
configure:4911: checking for ar
configure:4932: found /usr/bin/ar
configure:4944: result: ar
configure:4971: checking the archiver (ar) interface
configure:4988: gcc -c -g -O2  conftest.c >&5
configure:4988: $? = 0
configure:4991: ar cr libconftest.a conftest.o >&5
configure:4994: $? = 0
configure:5023: result: ar
configure:5046: checking whether to enable maintainer-specific portions of Makefiles
configure:5057: result: no
configure:5139: checking build system type
configure:5155: result: aarch64-apple-darwin24.3.0
configure:5175: checking host system type
configure:5190: result: aarch64-apple-darwin24.3.0
configure:5265: checking for gcc
configure:5298: result: gcc
configure:5657: checking for C compiler version
configure:5666: gcc --version >&5
Apple clang version 16.0.0 (clang-1600.0.26.6)
Target: arm64-apple-darwin24.3.0
Thread model: posix
InstalledDir: /Applications/Xcode.app/Contents/Developer/Toolchains/XcodeDefault.xctoolchain/usr/bin
configure:5677: $? = 0
configure:5666: gcc -v >&5
Apple clang version 16.0.0 (clang-1600.0.26.6)
Target: arm64-apple-darwin24.3.0
Thread model: posix
InstalledDir: /Applications/Xcode.app/Contents/Developer/Toolchains/XcodeDefault.xctoolchain/usr/bin
configure:5677: $? = 0
configure:5666: gcc -V >&5
clang: error: argument to '-V' is missing (expected 1 value)
clang: error: no input files
configure:5677: $? = 1
configure:5666: gcc -qversion >&5
clang: error: unknown argument '-qversion'; did you mean '--version'?
clang: error: no input files
configure:5677: $? = 1
configure:5666: gcc -version >&5
clang: error: unknown argument '-version'; did you mean '--version'?
clang: error: no input files
configure:5677: $? = 1
configure:5681: checking whether the compiler supports GNU C
configure:5713: result: yes
configure:5724: checking whether gcc accepts -g
configure:5792: result: yes
configure:5812: checking for gcc option to enable C11 features
configure:5846: result: none needed
configure:5970: checking whether gcc understands -c and -o together
configure:6009: result: yes
configure:6075: checking how to print strings
configure:6102: result: printf
configure:6123: checking for a sed that does not truncate output
configure:6195: result: /usr/bin/sed
configure:6213: checking for grep that handles long lines and -e
configure:6279: result: /usr/bin/grep
configure:6284: checking for egrep
configure:6354: result: /usr/bin/grep -E
configure:6361: checking for fgrep
configure:6431: result: /usr/bin/grep -F
configure:6468: checking for ld used by gcc
configure:6537: result: /Applications/Xcode.app/Contents/Developer/Toolchains/XcodeDefault.xctoolchain/usr/bin/ld
configure:6544: checking if the linker (/Applications/Xcode.app/Contents/Developer/Toolchains/XcodeDefault.xctoolchain/usr/bin/ld) is GNU ld
configure:6561: result: no
configure:6573: checking for BSD- or MS-compatible name lister (nm)
configure:6629: result: /usr/bin/nm -B
configure:6771: checking the name lister (/usr/bin/nm -B) interface
configure:6779: gcc -c -g -O2  conftest.c >&5
configure:6782: /usr/bin/nm -B "conftest.o"
configure:6785: output
00000000000002f4 S _some_variable
0000000000000000 t ltmp0
00000000000002f4 s ltmp1
configure:6793: result: BSD nm
configure:6796: checking whether ln -s works
configure:6800: result: yes
configure:6808: checking the maximum length of command line arguments
configure:6941: result: 786432
configure:6989: checking how to convert aarch64-apple-darwin24.3.0 file names to aarch64-apple-darwin24.3.0 format
configure:7031: result: func_convert_file_noop
configure:7038: checking how to convert aarch64-apple-darwin24.3.0 file names to toolchain format
configure:7060: result: func_convert_file_noop
configure:7067: checking for /Applications/Xcode.app/Contents/Developer/Toolchains/XcodeDefault.xctoolchain/usr/bin/ld option to reload object files
configure:7076: result: -r
configure:7109: checking for file
configure:7130: found /usr/bin/file
configure:7143: result: file
configure:7206: checking for objdump
configure:7227: found /usr/bin/objdump
configure:7239: result: objdump
configure:7271: checking how to recognize dependent libraries
configure:7480: result: pass_all
configure:7571: checking for dlltool
configure:7607: result: no
configure:7637: checking how to associate runtime and link libraries
configure:7666: result: printf %s\n
configure:7726: checking for ranlib
configure:7747: found /usr/bin/ranlib
configure:7759: result: ranlib
configure:7922: checking for archiver @FILE support
configure:7940: gcc -c -g -O2  conftest.c >&5
configure:7940: $? = 0
configure:7944: ar cr libconftest.a @conftest.lst >&5
ar: @conftest.lst: No such file or directory
configure:7947: $? = 1
configure:7968: result: no
configure:8032: checking for strip
configure:8053: found /usr/bin/strip
configure:8065: result: strip
configure:8168: checking command to parse /usr/bin/nm -B output from gcc object
configure:8322: gcc -c -g -O2  conftest.c >&5
configure:8325: $? = 0
configure:8329: /usr/bin/nm -B conftest.o | /usr/bin/sed -n -e 's/^.*[	 ]\([ABCDGIRSTW][ABCDGIRSTW]*\)[	 ][	 ]*\([_A-Za-z][_A-Za-z0-9]*\)$/\1 \2 \2/p' | /usr/bin/sed '/ __gnu_lto/d' > conftest.nm
cannot find nm_test_var in conftest.nm
configure:8322: gcc -c -g -O2  conftest.c >&5
configure:8325: $? = 0
configure:8329: /usr/bin/nm -B conftest.o | /usr/bin/sed -n -e 's/^.*[	 ]\([ABCDGIRSTW][ABCDGIRSTW]*\)[	 ][	 ]*_\([_A-Za-z][_A-Za-z0-9]*\)$/\1 _\2 \2/p' | /usr/bin/sed '/ __gnu_lto/d' > conftest.nm
configure:8395: gcc -o conftest -g -O2   conftest.c conftstm.o >&5
configure:8398: $? = 0
configure:8437: result: ok
configure:8484: checking for sysroot
configure:8518: result: no
configure:8525: checking for a working dd
configure:8570: result: /bin/dd
configure:8574: checking how to truncate binary pipes
configure:8591: result: /bin/dd bs=4096 count=1
configure:8931: checking for mt
configure:8967: result: no
configure:8987: checking if : is a manifest tool
configure:8994: : '-?'
configure:9003: result: no
configure:9065: checking for dsymutil
configure:9086: found /usr/bin/dsymutil
configure:9098: result: dsymutil
configure:9169: checking for nmedit
configure:9190: found /usr/bin/nmedit
configure:9202: result: nmedit
configure:9273: checking for lipo
configure:9294: found /usr/bin/lipo
configure:9306: result: lipo
configure:9377: checking for otool
configure:9398: found /usr/bin/otool
configure:9410: result: otool
configure:9481: checking for otool64
configure:9517: result: no
configure:9562: checking for -single_module linker flag
gcc -g -O2  -o libconftest.dylib -dynamiclib -Wl,-single_module conftest.c
ld: warning: -single_module is obsolete
configure:9597: result: no
configure:9602: checking for -no_fixup_chains linker flag
configure:9621: gcc -o conftest -g -O2   -Wl,-no_fixup_chains conftest.c  >&5
configure:9621: $? = 0
configure:9636: result: yes
configure:9639: checking for -exported_symbols_list linker flag
configure:9660: gcc -o conftest -g -O2   -Wl,-exported_symbols_list,conftest.sym conftest.c  >&5
configure:9660: $? = 0
configure:9673: result: yes
configure:9676: checking for -force_load linker flag
gcc -g -O2 -c -o conftest.o conftest.c
ar cr libconftest.a conftest.o
ranlib libconftest.a
gcc -g -O2  -o conftest conftest.c -Wl,-force_load,./libconftest.a
configure:9710: result: yes
configure:9796: checking for dlfcn.h
configure:9796: gcc -c -g -O2  conftest.c >&5
configure:9796: $? = 0
configure:9796: result: yes
configure:10098: checking for objdir
configure:10115: result: .libs
configure:10381: checking if gcc supports -fno-rtti -fno-exceptions
configure:10400: gcc -c -g -O2  -fno-rtti -fno-exceptions conftest.c >&5
configure:10404: $? = 0
configure:10418: result: yes
configure:10791: checking for gcc option to produce PIC
configure:10800: result: -fno-common -DPIC
configure:10808: checking if gcc PIC flag -fno-common -DPIC works
configure:10827: gcc -c -g -O2  -fno-common -DPIC -DPIC conftest.c >&5
configure:10831: $? = 0
configure:10845: result: yes
configure:10874: checking if gcc static flag -static works
configure:10904: result: no
configure:10919: checking if gcc supports -c -o file.o
configure:10941: gcc -c -g -O2  -o out/conftest2.o conftest.c >&5
configure:10945: $? = 0
configure:10968: result: yes
configure:10976: checking if gcc supports -c -o file.o
configure:11025: result: yes
configure:11058: checking whether the gcc linker (/Applications/Xcode.app/Contents/Developer/Toolchains/XcodeDefault.xctoolchain/usr/bin/ld) supports shared libraries
configure:12342: result: yes
configure:12584: checking dynamic linker characteristics
configure:13968: result: darwin24.3.0 dyld
configure:14090: checking how to hardcode library paths into programs
configure:14115: result: immediate
configure:14715: checking whether stripping libraries is possible
configure:14732: result: yes
configure:14766: checking if libtool supports shared libraries
configure:14768: result: yes
configure:14771: checking whether to build shared libraries
configure:14796: result: no
configure:14799: checking whether to build static libraries
configure:14803: result: yes
configure:14840: checking whether ln -s works
configure:14844: result: yes
configure:14851: checking whether make sets $(MAKE)
configure:14875: result: yes
configure:14963: checking for pcre.h
configure:14963: result: yes
configure:14972: checking for size_t
configure:14972: result: yes
configure:14981: checking for ssize_t
configure:14981: result: yes
configure:14990: checking for int64_t
configure:14990: result: yes
configure:14999: checking for uint16_t
configure:14999: result: yes
configure:15008: checking for uint32_t
configure:15008: result: yes
configure:15017: checking for uint64_t
configure:15017: result: yes
configure:15026: checking for uint8_t
configure:15026: result: yes
configure:15035: checking for pid_t
configure:15035: result: yes
configure:15046: checking for malloc
configure:15046: gcc -o conftest -arch arm64 -isysroot /Applications/Xcode.app/Contents/Developer/Platforms/iPhoneOS.platform/Developer/SDKs/iPhoneOS18.2.sdk -mios-version-min=15.0 -fembed-bitcode -I/Applications/Xcode.app/Contents/Developer/Platforms/iPhoneOS.platform/Developer/SDKs/iPhoneOS18.2.sdk/usr/include -I/Users/tianfengyou/Desktop/自己库/TFYSwiftSSRUilt/TFYSwiftSSRKit/libev/include -I/Users/tianfengyou/Desktop/自己库/TFYSwiftSSRUilt/TFYSwiftSSRKit/libmaxminddb/include -I/Users/tianfengyou/Desktop/自己库/TFYSwiftSSRUilt/TFYSwiftSSRKit/libsodium/include -I/Users/tianfengyou/Desktop/自己库/TFYSwiftSSRUilt/TFYSwiftSSRKit/mbedtls/include -I/Users/tianfengyou/Desktop/自己库/TFYSwiftSSRUilt/TFYSwiftSSRKit/openssl/include -I/Users/tianfengyou/Desktop/自己库/TFYSwiftSSRUilt/TFYSwiftSSRKit/pcre/include -I/Users/tianfengyou/Desktop/自己库/TFYSwiftSSRUilt/TFYSwiftSSRKit/c-ares/include -arch arm64 -isysroot /Applications/Xcode.app/Contents/Developer/Platforms/iPhoneOS.platform/Developer/SDKs/iPhoneOS18.2.sdk -mios-version-min=15.0 -L/Users/tianfengyou/Desktop/自己库/TFYSwiftSSRUilt/TFYSwiftSSRKit/libev/lib -L/Users/tianfengyou/Desktop/自己库/TFYSwiftSSRUilt/TFYSwiftSSRKit/libmaxminddb/lib -L/Users/tianfengyou/Desktop/自己库/TFYSwiftSSRUilt/TFYSwiftSSRKit/libsodium/lib -L/Users/tianfengyou/Desktop/自己库/TFYSwiftSSRUilt/TFYSwiftSSRKit/mbedtls/lib -L/Users/tianfengyou/Desktop/自己库/TFYSwiftSSRUilt/TFYSwiftSSRKit/openssl/lib -L/Users/tianfengyou/Desktop/自己库/TFYSwiftSSRUilt/TFYSwiftSSRKit/pcre/lib -L/Users/tianfengyou/Desktop/自己库/TFYSwiftSSRUilt/TFYSwiftSSRKit/c-ares/lib conftest.c  -lev_ios -lmaxminddb_ios -lsodium_ios -lmbedcrypto_ios -lmbedtls_ios -lmbedx509_ios -lssl_ios -lcrypto_ios -lpcre_ios -lcares_ios >&5
conftest.c:66:6: warning: incompatible redeclaration of library function 'malloc' [-Wincompatible-library-redeclaration]
   66 | char malloc (void);
      |      ^
conftest.c:66:6: note: 'malloc' is a builtin with type 'void *(unsigned long)'
1 warning generated.
ld: warning: -bitcode_bundle is no longer supported and will be ignored
configure:15046: $? = 0
configure:15046: result: yes
configure:15052: checking for memset
configure:15052: gcc -o conftest -arch arm64 -isysroot /Applications/Xcode.app/Contents/Developer/Platforms/iPhoneOS.platform/Developer/SDKs/iPhoneOS18.2.sdk -mios-version-min=15.0 -fembed-bitcode -I/Applications/Xcode.app/Contents/Developer/Platforms/iPhoneOS.platform/Developer/SDKs/iPhoneOS18.2.sdk/usr/include -I/Users/tianfengyou/Desktop/自己库/TFYSwiftSSRUilt/TFYSwiftSSRKit/libev/include -I/Users/tianfengyou/Desktop/自己库/TFYSwiftSSRUilt/TFYSwiftSSRKit/libmaxminddb/include -I/Users/tianfengyou/Desktop/自己库/TFYSwiftSSRUilt/TFYSwiftSSRKit/libsodium/include -I/Users/tianfengyou/Desktop/自己库/TFYSwiftSSRUilt/TFYSwiftSSRKit/mbedtls/include -I/Users/tianfengyou/Desktop/自己库/TFYSwiftSSRUilt/TFYSwiftSSRKit/openssl/include -I/Users/tianfengyou/Desktop/自己库/TFYSwiftSSRUilt/TFYSwiftSSRKit/pcre/include -I/Users/tianfengyou/Desktop/自己库/TFYSwiftSSRUilt/TFYSwiftSSRKit/c-ares/include -arch arm64 -isysroot /Applications/Xcode.app/Contents/Developer/Platforms/iPhoneOS.platform/Developer/SDKs/iPhoneOS18.2.sdk -mios-version-min=15.0 -L/Users/tianfengyou/Desktop/自己库/TFYSwiftSSRUilt/TFYSwiftSSRKit/libev/lib -L/Users/tianfengyou/Desktop/自己库/TFYSwiftSSRUilt/TFYSwiftSSRKit/libmaxminddb/lib -L/Users/tianfengyou/Desktop/自己库/TFYSwiftSSRUilt/TFYSwiftSSRKit/libsodium/lib -L/Users/tianfengyou/Desktop/自己库/TFYSwiftSSRUilt/TFYSwiftSSRKit/mbedtls/lib -L/Users/tianfengyou/Desktop/自己库/TFYSwiftSSRUilt/TFYSwiftSSRKit/openssl/lib -L/Users/tianfengyou/Desktop/自己库/TFYSwiftSSRUilt/TFYSwiftSSRKit/pcre/lib -L/Users/tianfengyou/Desktop/自己库/TFYSwiftSSRUilt/TFYSwiftSSRKit/c-ares/lib conftest.c  -lev_ios -lmaxminddb_ios -lsodium_ios -lmbedcrypto_ios -lmbedtls_ios -lmbedx509_ios -lssl_ios -lcrypto_ios -lpcre_ios -lcares_ios >&5
conftest.c:67:6: warning: incompatible redeclaration of library function 'memset' [-Wincompatible-library-redeclaration]
   67 | char memset (void);
      |      ^
conftest.c:67:6: note: 'memset' is a builtin with type 'void *(void *, int, unsigned long)'
1 warning generated.
ld: warning: -bitcode_bundle is no longer supported and will be ignored
configure:15052: $? = 0
configure:15052: result: yes
configure:15058: checking for socket
configure:15058: result: yes
configure:15064: checking for select
configure:15064: result: yes
configure:15070: checking for clock_gettime
configure:15070: gcc -o conftest -arch arm64 -isysroot /Applications/Xcode.app/Contents/Developer/Platforms/iPhoneOS.platform/Developer/SDKs/iPhoneOS18.2.sdk -mios-version-min=15.0 -fembed-bitcode -I/Applications/Xcode.app/Contents/Developer/Platforms/iPhoneOS.platform/Developer/SDKs/iPhoneOS18.2.sdk/usr/include -I/Users/tianfengyou/Desktop/自己库/TFYSwiftSSRUilt/TFYSwiftSSRKit/libev/include -I/Users/tianfengyou/Desktop/自己库/TFYSwiftSSRUilt/TFYSwiftSSRKit/libmaxminddb/include -I/Users/tianfengyou/Desktop/自己库/TFYSwiftSSRUilt/TFYSwiftSSRKit/libsodium/include -I/Users/tianfengyou/Desktop/自己库/TFYSwiftSSRUilt/TFYSwiftSSRKit/mbedtls/include -I/Users/tianfengyou/Desktop/自己库/TFYSwiftSSRUilt/TFYSwiftSSRKit/openssl/include -I/Users/tianfengyou/Desktop/自己库/TFYSwiftSSRUilt/TFYSwiftSSRKit/pcre/include -I/Users/tianfengyou/Desktop/自己库/TFYSwiftSSRUilt/TFYSwiftSSRKit/c-ares/include -arch arm64 -isysroot /Applications/Xcode.app/Contents/Developer/Platforms/iPhoneOS.platform/Developer/SDKs/iPhoneOS18.2.sdk -mios-version-min=15.0 -L/Users/tianfengyou/Desktop/自己库/TFYSwiftSSRUilt/TFYSwiftSSRKit/libev/lib -L/Users/tianfengyou/Desktop/自己库/TFYSwiftSSRUilt/TFYSwiftSSRKit/libmaxminddb/lib -L/Users/tianfengyou/Desktop/自己库/TFYSwiftSSRUilt/TFYSwiftSSRKit/libsodium/lib -L/Users/tianfengyou/Desktop/自己库/TFYSwiftSSRUilt/TFYSwiftSSRKit/mbedtls/lib -L/Users/tianfengyou/Desktop/自己库/TFYSwiftSSRUilt/TFYSwiftSSRKit/openssl/lib -L/Users/tianfengyou/Desktop/自己库/TFYSwiftSSRUilt/TFYSwiftSSRKit/pcre/lib -L/Users/tianfengyou/Desktop/自己库/TFYSwiftSSRUilt/TFYSwiftSSRKit/c-ares/lib conftest.c  -lev_ios -lmaxminddb_ios -lsodium_ios -lmbedcrypto_ios -lmbedtls_ios -lmbedx509_ios -lssl_ios -lcrypto_ios -lpcre_ios -lcares_ios >&5
ld: warning: -bitcode_bundle is no longer supported and will be ignored
configure:15070: $? = 0
configure:15070: result: yes
configure:15076: checking for gettimeofday
configure:15076: gcc -o conftest -arch arm64 -isysroot /Applications/Xcode.app/Contents/Developer/Platforms/iPhoneOS.platform/Developer/SDKs/iPhoneOS18.2.sdk -mios-version-min=15.0 -fembed-bitcode -I/Applications/Xcode.app/Contents/Developer/Platforms/iPhoneOS.platform/Developer/SDKs/iPhoneOS18.2.sdk/usr/include -I/Users/tianfengyou/Desktop/自己库/TFYSwiftSSRUilt/TFYSwiftSSRKit/libev/include -I/Users/tianfengyou/Desktop/自己库/TFYSwiftSSRUilt/TFYSwiftSSRKit/libmaxminddb/include -I/Users/tianfengyou/Desktop/自己库/TFYSwiftSSRUilt/TFYSwiftSSRKit/libsodium/include -I/Users/tianfengyou/Desktop/自己库/TFYSwiftSSRUilt/TFYSwiftSSRKit/mbedtls/include -I/Users/tianfengyou/Desktop/自己库/TFYSwiftSSRUilt/TFYSwiftSSRKit/openssl/include -I/Users/tianfengyou/Desktop/自己库/TFYSwiftSSRUilt/TFYSwiftSSRKit/pcre/include -I/Users/tianfengyou/Desktop/自己库/TFYSwiftSSRUilt/TFYSwiftSSRKit/c-ares/include -arch arm64 -isysroot /Applications/Xcode.app/Contents/Developer/Platforms/iPhoneOS.platform/Developer/SDKs/iPhoneOS18.2.sdk -mios-version-min=15.0 -L/Users/tianfengyou/Desktop/自己库/TFYSwiftSSRUilt/TFYSwiftSSRKit/libev/lib -L/Users/tianfengyou/Desktop/自己库/TFYSwiftSSRUilt/TFYSwiftSSRKit/libmaxminddb/lib -L/Users/tianfengyou/Desktop/自己库/TFYSwiftSSRUilt/TFYSwiftSSRKit/libsodium/lib -L/Users/tianfengyou/Desktop/自己库/TFYSwiftSSRUilt/TFYSwiftSSRKit/mbedtls/lib -L/Users/tianfengyou/Desktop/自己库/TFYSwiftSSRUilt/TFYSwiftSSRKit/openssl/lib -L/Users/tianfengyou/Desktop/自己库/TFYSwiftSSRUilt/TFYSwiftSSRKit/pcre/lib -L/Users/tianfengyou/Desktop/自己库/TFYSwiftSSRUilt/TFYSwiftSSRKit/c-ares/lib conftest.c  -lev_ios -lmaxminddb_ios -lsodium_ios -lmbedcrypto_ios -lmbedtls_ios -lmbedx509_ios -lssl_ios -lcrypto_ios -lpcre_ios -lcares_ios >&5
ld: warning: -bitcode_bundle is no longer supported and will be ignored
configure:15076: $? = 0
configure:15076: result: yes
configure:15082: checking for inet_ntoa
configure:15082: gcc -o conftest -arch arm64 -isysroot /Applications/Xcode.app/Contents/Developer/Platforms/iPhoneOS.platform/Developer/SDKs/iPhoneOS18.2.sdk -mios-version-min=15.0 -fembed-bitcode -I/Applications/Xcode.app/Contents/Developer/Platforms/iPhoneOS.platform/Developer/SDKs/iPhoneOS18.2.sdk/usr/include -I/Users/tianfengyou/Desktop/自己库/TFYSwiftSSRUilt/TFYSwiftSSRKit/libev/include -I/Users/tianfengyou/Desktop/自己库/TFYSwiftSSRUilt/TFYSwiftSSRKit/libmaxminddb/include -I/Users/tianfengyou/Desktop/自己库/TFYSwiftSSRUilt/TFYSwiftSSRKit/libsodium/include -I/Users/tianfengyou/Desktop/自己库/TFYSwiftSSRUilt/TFYSwiftSSRKit/mbedtls/include -I/Users/tianfengyou/Desktop/自己库/TFYSwiftSSRUilt/TFYSwiftSSRKit/openssl/include -I/Users/tianfengyou/Desktop/自己库/TFYSwiftSSRUilt/TFYSwiftSSRKit/pcre/include -I/Users/tianfengyou/Desktop/自己库/TFYSwiftSSRUilt/TFYSwiftSSRKit/c-ares/include -arch arm64 -isysroot /Applications/Xcode.app/Contents/Developer/Platforms/iPhoneOS.platform/Developer/SDKs/iPhoneOS18.2.sdk -mios-version-min=15.0 -L/Users/tianfengyou/Desktop/自己库/TFYSwiftSSRUilt/TFYSwiftSSRKit/libev/lib -L/Users/tianfengyou/Desktop/自己库/TFYSwiftSSRUilt/TFYSwiftSSRKit/libmaxminddb/lib -L/Users/tianfengyou/Desktop/自己库/TFYSwiftSSRUilt/TFYSwiftSSRKit/libsodium/lib -L/Users/tianfengyou/Desktop/自己库/TFYSwiftSSRUilt/TFYSwiftSSRKit/mbedtls/lib -L/Users/tianfengyou/Desktop/自己库/TFYSwiftSSRUilt/TFYSwiftSSRKit/openssl/lib -L/Users/tianfengyou/Desktop/自己库/TFYSwiftSSRUilt/TFYSwiftSSRKit/pcre/lib -L/Users/tianfengyou/Desktop/自己库/TFYSwiftSSRUilt/TFYSwiftSSRKit/c-ares/lib conftest.c  -lev_ios -lmaxminddb_ios -lsodium_ios -lmbedcrypto_ios -lmbedtls_ios -lmbedx509_ios -lssl_ios -lcrypto_ios -lpcre_ios -lcares_ios >&5
ld: warning: -bitcode_bundle is no longer supported and will be ignored
configure:15082: $? = 0
configure:15082: result: yes
configure:15088: checking for memmove
configure:15088: gcc -o conftest -arch arm64 -isysroot /Applications/Xcode.app/Contents/Developer/Platforms/iPhoneOS.platform/Developer/SDKs/iPhoneOS18.2.sdk -mios-version-min=15.0 -fembed-bitcode -I/Applications/Xcode.app/Contents/Developer/Platforms/iPhoneOS.platform/Developer/SDKs/iPhoneOS18.2.sdk/usr/include -I/Users/tianfengyou/Desktop/自己库/TFYSwiftSSRUilt/TFYSwiftSSRKit/libev/include -I/Users/tianfengyou/Desktop/自己库/TFYSwiftSSRUilt/TFYSwiftSSRKit/libmaxminddb/include -I/Users/tianfengyou/Desktop/自己库/TFYSwiftSSRUilt/TFYSwiftSSRKit/libsodium/include -I/Users/tianfengyou/Desktop/自己库/TFYSwiftSSRUilt/TFYSwiftSSRKit/mbedtls/include -I/Users/tianfengyou/Desktop/自己库/TFYSwiftSSRUilt/TFYSwiftSSRKit/openssl/include -I/Users/tianfengyou/Desktop/自己库/TFYSwiftSSRUilt/TFYSwiftSSRKit/pcre/include -I/Users/tianfengyou/Desktop/自己库/TFYSwiftSSRUilt/TFYSwiftSSRKit/c-ares/include -arch arm64 -isysroot /Applications/Xcode.app/Contents/Developer/Platforms/iPhoneOS.platform/Developer/SDKs/iPhoneOS18.2.sdk -mios-version-min=15.0 -L/Users/tianfengyou/Desktop/自己库/TFYSwiftSSRUilt/TFYSwiftSSRKit/libev/lib -L/Users/tianfengyou/Desktop/自己库/TFYSwiftSSRUilt/TFYSwiftSSRKit/libmaxminddb/lib -L/Users/tianfengyou/Desktop/自己库/TFYSwiftSSRUilt/TFYSwiftSSRKit/libsodium/lib -L/Users/tianfengyou/Desktop/自己库/TFYSwiftSSRUilt/TFYSwiftSSRKit/mbedtls/lib -L/Users/tianfengyou/Desktop/自己库/TFYSwiftSSRUilt/TFYSwiftSSRKit/openssl/lib -L/Users/tianfengyou/Desktop/自己库/TFYSwiftSSRUilt/TFYSwiftSSRKit/pcre/lib -L/Users/tianfengyou/Desktop/自己库/TFYSwiftSSRUilt/TFYSwiftSSRKit/c-ares/lib conftest.c  -lev_ios -lmaxminddb_ios -lsodium_ios -lmbedcrypto_ios -lmbedtls_ios -lmbedx509_ios -lssl_ios -lcrypto_ios -lpcre_ios -lcares_ios >&5
conftest.c:73:6: warning: incompatible redeclaration of library function 'memmove' [-Wincompatible-library-redeclaration]
   73 | char memmove (void);
      |      ^
conftest.c:73:6: note: 'memmove' is a builtin with type 'void *(void *, const void *, unsigned long)'
1 warning generated.
ld: warning: -bitcode_bundle is no longer supported and will be ignored
configure:15088: $? = 0
configure:15088: result: yes
configure:15094: checking for strchr
configure:15094: gcc -o conftest -arch arm64 -isysroot /Applications/Xcode.app/Contents/Developer/Platforms/iPhoneOS.platform/Developer/SDKs/iPhoneOS18.2.sdk -mios-version-min=15.0 -fembed-bitcode -I/Applications/Xcode.app/Contents/Developer/Platforms/iPhoneOS.platform/Developer/SDKs/iPhoneOS18.2.sdk/usr/include -I/Users/tianfengyou/Desktop/自己库/TFYSwiftSSRUilt/TFYSwiftSSRKit/libev/include -I/Users/tianfengyou/Desktop/自己库/TFYSwiftSSRUilt/TFYSwiftSSRKit/libmaxminddb/include -I/Users/tianfengyou/Desktop/自己库/TFYSwiftSSRUilt/TFYSwiftSSRKit/libsodium/include -I/Users/tianfengyou/Desktop/自己库/TFYSwiftSSRUilt/TFYSwiftSSRKit/mbedtls/include -I/Users/tianfengyou/Desktop/自己库/TFYSwiftSSRUilt/TFYSwiftSSRKit/openssl/include -I/Users/tianfengyou/Desktop/自己库/TFYSwiftSSRUilt/TFYSwiftSSRKit/pcre/include -I/Users/tianfengyou/Desktop/自己库/TFYSwiftSSRUilt/TFYSwiftSSRKit/c-ares/include -arch arm64 -isysroot /Applications/Xcode.app/Contents/Developer/Platforms/iPhoneOS.platform/Developer/SDKs/iPhoneOS18.2.sdk -mios-version-min=15.0 -L/Users/tianfengyou/Desktop/自己库/TFYSwiftSSRUilt/TFYSwiftSSRKit/libev/lib -L/Users/tianfengyou/Desktop/自己库/TFYSwiftSSRUilt/TFYSwiftSSRKit/libmaxminddb/lib -L/Users/tianfengyou/Desktop/自己库/TFYSwiftSSRUilt/TFYSwiftSSRKit/libsodium/lib -L/Users/tianfengyou/Desktop/自己库/TFYSwiftSSRUilt/TFYSwiftSSRKit/mbedtls/lib -L/Users/tianfengyou/Desktop/自己库/TFYSwiftSSRUilt/TFYSwiftSSRKit/openssl/lib -L/Users/tianfengyou/Desktop/自己库/TFYSwiftSSRUilt/TFYSwiftSSRKit/pcre/lib -L/Users/tianfengyou/Desktop/自己库/TFYSwiftSSRUilt/TFYSwiftSSRKit/c-ares/lib conftest.c  -lev_ios -lmaxminddb_ios -lsodium_ios -lmbedcrypto_ios -lmbedtls_ios -lmbedx509_ios -lssl_ios -lcrypto_ios -lpcre_ios -lcares_ios >&5
conftest.c:74:6: warning: incompatible redeclaration of library function 'strchr' [-Wincompatible-library-redeclaration]
   74 | char strchr (void);
      |      ^
conftest.c:74:6: note: 'strchr' is a builtin with type 'char *(const char *, int)'
1 warning generated.
ld: warning: -bitcode_bundle is no longer supported and will be ignored
configure:15094: $? = 0
configure:15094: result: yes
configure:15100: checking for strrchr
configure:15100: gcc -o conftest -arch arm64 -isysroot /Applications/Xcode.app/Contents/Developer/Platforms/iPhoneOS.platform/Developer/SDKs/iPhoneOS18.2.sdk -mios-version-min=15.0 -fembed-bitcode -I/Applications/Xcode.app/Contents/Developer/Platforms/iPhoneOS.platform/Developer/SDKs/iPhoneOS18.2.sdk/usr/include -I/Users/tianfengyou/Desktop/自己库/TFYSwiftSSRUilt/TFYSwiftSSRKit/libev/include -I/Users/tianfengyou/Desktop/自己库/TFYSwiftSSRUilt/TFYSwiftSSRKit/libmaxminddb/include -I/Users/tianfengyou/Desktop/自己库/TFYSwiftSSRUilt/TFYSwiftSSRKit/libsodium/include -I/Users/tianfengyou/Desktop/自己库/TFYSwiftSSRUilt/TFYSwiftSSRKit/mbedtls/include -I/Users/tianfengyou/Desktop/自己库/TFYSwiftSSRUilt/TFYSwiftSSRKit/openssl/include -I/Users/tianfengyou/Desktop/自己库/TFYSwiftSSRUilt/TFYSwiftSSRKit/pcre/include -I/Users/tianfengyou/Desktop/自己库/TFYSwiftSSRUilt/TFYSwiftSSRKit/c-ares/include -arch arm64 -isysroot /Applications/Xcode.app/Contents/Developer/Platforms/iPhoneOS.platform/Developer/SDKs/iPhoneOS18.2.sdk -mios-version-min=15.0 -L/Users/tianfengyou/Desktop/自己库/TFYSwiftSSRUilt/TFYSwiftSSRKit/libev/lib -L/Users/tianfengyou/Desktop/自己库/TFYSwiftSSRUilt/TFYSwiftSSRKit/libmaxminddb/lib -L/Users/tianfengyou/Desktop/自己库/TFYSwiftSSRUilt/TFYSwiftSSRKit/libsodium/lib -L/Users/tianfengyou/Desktop/自己库/TFYSwiftSSRUilt/TFYSwiftSSRKit/mbedtls/lib -L/Users/tianfengyou/Desktop/自己库/TFYSwiftSSRUilt/TFYSwiftSSRKit/openssl/lib -L/Users/tianfengyou/Desktop/自己库/TFYSwiftSSRUilt/TFYSwiftSSRKit/pcre/lib -L/Users/tianfengyou/Desktop/自己库/TFYSwiftSSRUilt/TFYSwiftSSRKit/c-ares/lib conftest.c  -lev_ios -lmaxminddb_ios -lsodium_ios -lmbedcrypto_ios -lmbedtls_ios -lmbedx509_ios -lssl_ios -lcrypto_ios -lpcre_ios -lcares_ios >&5
conftest.c:75:6: warning: incompatible redeclaration of library function 'strrchr' [-Wincompatible-library-redeclaration]
   75 | char strrchr (void);
      |      ^
conftest.c:75:6: note: 'strrchr' is a builtin with type 'char *(const char *, int)'
1 warning generated.
ld: warning: -bitcode_bundle is no longer supported and will be ignored
configure:15100: $? = 0
configure:15100: result: yes
configure:15106: checking for strerror
configure:15106: gcc -o conftest -arch arm64 -isysroot /Applications/Xcode.app/Contents/Developer/Platforms/iPhoneOS.platform/Developer/SDKs/iPhoneOS18.2.sdk -mios-version-min=15.0 -fembed-bitcode -I/Applications/Xcode.app/Contents/Developer/Platforms/iPhoneOS.platform/Developer/SDKs/iPhoneOS18.2.sdk/usr/include -I/Users/tianfengyou/Desktop/自己库/TFYSwiftSSRUilt/TFYSwiftSSRKit/libev/include -I/Users/tianfengyou/Desktop/自己库/TFYSwiftSSRUilt/TFYSwiftSSRKit/libmaxminddb/include -I/Users/tianfengyou/Desktop/自己库/TFYSwiftSSRUilt/TFYSwiftSSRKit/libsodium/include -I/Users/tianfengyou/Desktop/自己库/TFYSwiftSSRUilt/TFYSwiftSSRKit/mbedtls/include -I/Users/tianfengyou/Desktop/自己库/TFYSwiftSSRUilt/TFYSwiftSSRKit/openssl/include -I/Users/tianfengyou/Desktop/自己库/TFYSwiftSSRUilt/TFYSwiftSSRKit/pcre/include -I/Users/tianfengyou/Desktop/自己库/TFYSwiftSSRUilt/TFYSwiftSSRKit/c-ares/include -arch arm64 -isysroot /Applications/Xcode.app/Contents/Developer/Platforms/iPhoneOS.platform/Developer/SDKs/iPhoneOS18.2.sdk -mios-version-min=15.0 -L/Users/tianfengyou/Desktop/自己库/TFYSwiftSSRUilt/TFYSwiftSSRKit/libev/lib -L/Users/tianfengyou/Desktop/自己库/TFYSwiftSSRUilt/TFYSwiftSSRKit/libmaxminddb/lib -L/Users/tianfengyou/Desktop/自己库/TFYSwiftSSRUilt/TFYSwiftSSRKit/libsodium/lib -L/Users/tianfengyou/Desktop/自己库/TFYSwiftSSRUilt/TFYSwiftSSRKit/mbedtls/lib -L/Users/tianfengyou/Desktop/自己库/TFYSwiftSSRUilt/TFYSwiftSSRKit/openssl/lib -L/Users/tianfengyou/Desktop/自己库/TFYSwiftSSRUilt/TFYSwiftSSRKit/pcre/lib -L/Users/tianfengyou/Desktop/自己库/TFYSwiftSSRUilt/TFYSwiftSSRKit/c-ares/lib conftest.c  -lev_ios -lmaxminddb_ios -lsodium_ios -lmbedcrypto_ios -lmbedtls_ios -lmbedx509_ios -lssl_ios -lcrypto_ios -lpcre_ios -lcares_ios >&5
conftest.c:76:6: warning: incompatible redeclaration of library function 'strerror' [-Wincompatible-library-redeclaration]
   76 | char strerror (void);
      |      ^
conftest.c:76:6: note: 'strerror' is a builtin with type 'char *(int)'
1 warning generated.
ld: warning: -bitcode_bundle is no longer supported and will be ignored
configure:15106: $? = 0
configure:15106: result: yes
configure:15175: checking for pkg-config
configure:15198: found /opt/homebrew/bin/pkg-config
configure:15211: result: /opt/homebrew/bin/pkg-config
configure:15236: checking pkg-config is at least version 0.9.0
configure:15239: result: yes
configure:15252: checking for libpcre >= 8.20
configure:15259: $PKG_CONFIG --exists --print-errors "libpcre >= 8.20"
configure:15262: $? = 0
configure:15276: $PKG_CONFIG --exists --print-errors "libpcre >= 8.20"
configure:15279: $? = 0
configure:15337: result: yes
configure:15453: checking that generated files are newer than configure
configure:15459: result: done
configure:15522: creating ./config.status

## ---------------------- ##
## Running config.status. ##
## ---------------------- ##

This file was extended by shadowsocks-libev config.status 3.3.5, which was
generated by GNU Autoconf 2.72.  Invocation command line was

  CONFIG_FILES    = 
  CONFIG_HEADERS  = 
  CONFIG_LINKS    = 
  CONFIG_COMMANDS = 
  $ ./config.status 

on Mac

config.status:1154: creating Makefile
config.status:1154: creating libbloom/Makefile
config.status:1154: creating libcork/Makefile
config.status:1154: creating libipset/Makefile
config.status:1154: creating src/Makefile
config.status:1154: creating shadowsocks-libev.pc
config.status:1154: creating config.h
config.status:1335: config.h is unchanged
config.status:1383: executing depfiles commands
config.status:1460: cd libbloom       && sed -e '/# am--include-marker/d' Makefile         | make -f - am--depfiles
make: Nothing to be done for `am--depfiles'.
config.status:1465: $? = 0
config.status:1460: cd libcork       && sed -e '/# am--include-marker/d' Makefile         | make -f - am--depfiles
make: Nothing to be done for `am--depfiles'.
config.status:1465: $? = 0
config.status:1460: cd libipset       && sed -e '/# am--include-marker/d' Makefile         | make -f - am--depfiles
config.status:1465: $? = 0
config.status:1460: cd src       && sed -e '/# am--include-marker/d' Makefile         | make -f - am--depfiles
make: Nothing to be done for `am--depfiles'.
config.status:1465: $? = 0
config.status:1383: executing libtool commands

## ---------------- ##
## Cache variables. ##
## ---------------- ##

ac_cv_build=aarch64-apple-darwin24.3.0
ac_cv_c_compiler_gnu=yes
ac_cv_env_CC_set=
ac_cv_env_CC_value=
ac_cv_env_CFLAGS_set=
ac_cv_env_CFLAGS_value=
ac_cv_env_CPPFLAGS_set=
ac_cv_env_CPPFLAGS_value=
ac_cv_env_LDFLAGS_set=
ac_cv_env_LDFLAGS_value=
ac_cv_env_LIBS_set=
ac_cv_env_LIBS_value=
ac_cv_env_LT_SYS_LIBRARY_PATH_set=
ac_cv_env_LT_SYS_LIBRARY_PATH_value=
ac_cv_env_PCRE_CFLAGS_set=
ac_cv_env_PCRE_CFLAGS_value=
ac_cv_env_PCRE_LIBS_set=
ac_cv_env_PCRE_LIBS_value=
ac_cv_env_PKG_CONFIG_LIBDIR_set=
ac_cv_env_PKG_CONFIG_LIBDIR_value=
ac_cv_env_PKG_CONFIG_PATH_set=
ac_cv_env_PKG_CONFIG_PATH_value=
ac_cv_env_PKG_CONFIG_set=
ac_cv_env_PKG_CONFIG_value=
ac_cv_env_build_alias_set=
ac_cv_env_build_alias_value=
ac_cv_env_host_alias_set=
ac_cv_env_host_alias_value=
ac_cv_env_target_alias_set=
ac_cv_env_target_alias_value=
ac_cv_func_clock_gettime=yes
ac_cv_func_fork=no
ac_cv_func_getpwnam=no
ac_cv_func_getpwuid=no
ac_cv_func_gettimeofday=yes
ac_cv_func_inet_ntoa=yes
ac_cv_func_malloc=yes
ac_cv_func_malloc_0_nonnull=yes
ac_cv_func_memmove=yes
ac_cv_func_memset=yes
ac_cv_func_mmap=yes
ac_cv_func_munmap=yes
ac_cv_func_realloc_0_nonnull=yes
ac_cv_func_select=yes
ac_cv_func_sigaction=yes
ac_cv_func_socket=yes
ac_cv_func_strchr=yes
ac_cv_func_strerror=yes
ac_cv_func_strndup=yes
ac_cv_func_strrchr=yes
ac_cv_func_syslog=no
ac_cv_header_arpa_inet_h=yes
ac_cv_header_dlfcn_h=yes
ac_cv_header_inttypes_h=yes
ac_cv_header_limits_h=yes
ac_cv_header_minix_config_h=no
ac_cv_header_netdb_h=yes
ac_cv_header_netinet_in_h=yes
ac_cv_header_netinet_tcp_h=yes
ac_cv_header_pcre_h=yes
ac_cv_header_stdint_h=yes
ac_cv_header_stdio_h=yes
ac_cv_header_stdlib_h=yes
ac_cv_header_string_h=yes
ac_cv_header_strings_h=yes
ac_cv_header_sys_socket_h=yes
ac_cv_header_sys_stat_h=yes
ac_cv_header_sys_time_h=yes
ac_cv_header_sys_types_h=yes
ac_cv_header_time_h=yes
ac_cv_header_unistd_h=yes
ac_cv_header_wchar_h=yes
ac_cv_host=aarch64-apple-darwin24.3.0
ac_cv_objext=o
ac_cv_path_EGREP='/usr/bin/grep -E'
ac_cv_path_EGREP_TRADITIONAL='/usr/bin/grep -E'
ac_cv_path_FGREP='/usr/bin/grep -F'
ac_cv_path_GREP=/usr/bin/grep
ac_cv_path_SED=/usr/bin/sed
ac_cv_path_ac_pt_PKG_CONFIG=/opt/homebrew/bin/pkg-config
ac_cv_path_install='/opt/homebrew/bin/ginstall -c'
ac_cv_path_lt_DD=/bin/dd
ac_cv_path_mkdir=/opt/homebrew/bin/gmkdir
ac_cv_prog_AWK=awk
ac_cv_prog_FILECMD=file
ac_cv_prog_ac_ct_AR=ar
ac_cv_prog_ac_ct_CC=gcc
ac_cv_prog_ac_ct_DSYMUTIL=dsymutil
ac_cv_prog_ac_ct_LIPO=lipo
ac_cv_prog_ac_ct_NMEDIT=nmedit
ac_cv_prog_ac_ct_OBJDUMP=objdump
ac_cv_prog_ac_ct_OTOOL=otool
ac_cv_prog_ac_ct_RANLIB=ranlib
ac_cv_prog_ac_ct_STRIP=strip
ac_cv_prog_cc_c11=
ac_cv_prog_cc_g=yes
ac_cv_prog_cc_stdc=
ac_cv_prog_make_make_set=yes
ac_cv_safe_to_define___extensions__=yes
ac_cv_should_define__xopen_source=no
ac_cv_type_int64_t=yes
ac_cv_type_pid_t=yes
ac_cv_type_size_t=yes
ac_cv_type_ssize_t=yes
ac_cv_type_uint16_t=yes
ac_cv_type_uint32_t=yes
ac_cv_type_uint64_t=yes
ac_cv_type_uint8_t=yes
am_cv_CC_dependencies_compiler_type=gcc3
am_cv_ar_interface=ar
am_cv_filesystem_timestamp_resolution=2
am_cv_make_support_nested_variables=yes
am_cv_prog_cc_c_o=yes
am_cv_sleep_fractional_seconds=yes
am_cv_xargs_n_works=yes
lt_cv_apple_cc_single_mod=no
lt_cv_ar_at_file=no
lt_cv_deplibs_check_method=pass_all
lt_cv_file_magic_cmd='$MAGIC_CMD'
lt_cv_file_magic_test_file=
lt_cv_ld_exported_symbols_list=yes
lt_cv_ld_force_load=yes
lt_cv_ld_reload_flag=-r
lt_cv_nm_interface='BSD nm'
lt_cv_objdir=.libs
lt_cv_path_LD=/Applications/Xcode.app/Contents/Developer/Toolchains/XcodeDefault.xctoolchain/usr/bin/ld
lt_cv_path_NM='/usr/bin/nm -B'
lt_cv_path_manifest_tool=no
lt_cv_prog_compiler_c_o=yes
lt_cv_prog_compiler_pic='-fno-common -DPIC'
lt_cv_prog_compiler_pic_works=yes
lt_cv_prog_compiler_rtti_exceptions=yes
lt_cv_prog_compiler_static_works=no
lt_cv_prog_gnu_ld=no
lt_cv_sharedlib_from_linklib_cmd='printf %s\n'
lt_cv_support_no_fixup_chains=yes
lt_cv_sys_global_symbol_pipe='/usr/bin/sed -n -e '\''s/^.*[	 ]\([ABCDGIRSTW][ABCDGIRSTW]*\)[	 ][	 ]*_\([_A-Za-z][_A-Za-z0-9]*\)$/\1 _\2 \2/p'\'' | /usr/bin/sed '\''/ __gnu_lto/d'\'''
lt_cv_sys_global_symbol_to_c_name_address='/usr/bin/sed -n -e '\''s/^: \(.*\) .*$/  {"\1", (void *) 0},/p'\'' -e '\''s/^[ABCDGIRSTW][ABCDGIRSTW]* .* \(.*\)$/  {"\1", (void *) \&\1},/p'\'''
lt_cv_sys_global_symbol_to_c_name_address_lib_prefix='/usr/bin/sed -n -e '\''s/^: \(.*\) .*$/  {"\1", (void *) 0},/p'\'' -e '\''s/^[ABCDGIRSTW][ABCDGIRSTW]* .* \(lib.*\)$/  {"\1", (void *) \&\1},/p'\'' -e '\''s/^[ABCDGIRSTW][ABCDGIRSTW]* .* \(.*\)$/  {"lib\1", (void *) \&\1},/p'\'''
lt_cv_sys_global_symbol_to_cdecl='/usr/bin/sed -n -e '\''s/^T .* \(.*\)$/extern int \1();/p'\'' -e '\''s/^[ABCDGIRSTW][ABCDGIRSTW]* .* \(.*\)$/extern char \1;/p'\'''
lt_cv_sys_global_symbol_to_import=
lt_cv_sys_max_cmd_len=786432
lt_cv_to_host_file_cmd=func_convert_file_noop
lt_cv_to_tool_file_cmd=func_convert_file_noop
lt_cv_truncate_bin='/bin/dd bs=4096 count=1'
pkg_cv_PCRE_CFLAGS=-I/opt/homebrew/Cellar/pcre/8.45/include
pkg_cv_PCRE_LIBS='-L/opt/homebrew/Cellar/pcre/8.45/lib -lpcre'

## ----------------- ##
## Output variables. ##
## ----------------- ##

ACLOCAL='${SHELL} '\''/Users/tianfengyou/Desktop/自己库/TFYSwiftSSRUilt/TFYSwiftSSRKit/shadowsocks-libev/shadowsocks-libev-3.3.5/auto/missing'\'' aclocal-1.17'
AMDEPBACKSLASH='\'
AMDEP_FALSE='#'
AMDEP_TRUE=''
AMTAR='$${TAR-tar}'
AM_BACKSLASH='\'
AM_DEFAULT_V='$(AM_DEFAULT_VERBOSITY)'
AM_DEFAULT_VERBOSITY='0'
AM_V='$(V)'
AR='ar'
AUTOCONF='${SHELL} '\''/Users/tianfengyou/Desktop/自己库/TFYSwiftSSRUilt/TFYSwiftSSRKit/shadowsocks-libev/shadowsocks-libev-3.3.5/auto/missing'\'' autoconf'
AUTOHEADER='${SHELL} '\''/Users/tianfengyou/Desktop/自己库/TFYSwiftSSRUilt/TFYSwiftSSRKit/shadowsocks-libev/shadowsocks-libev-3.3.5/auto/missing'\'' autoheader'
AUTOMAKE='${SHELL} '\''/Users/tianfengyou/Desktop/自己库/TFYSwiftSSRUilt/TFYSwiftSSRKit/shadowsocks-libev/shadowsocks-libev-3.3.5/auto/missing'\'' automake-1.17'
AWK='awk'
BUILD_REDIRECTOR_FALSE=''
BUILD_REDIRECTOR_TRUE='#'
BUILD_WINCOMPAT_FALSE=''
BUILD_WINCOMPAT_TRUE='#'
CC='gcc'
CCDEPMODE='depmode=gcc3'
CFLAGS='-arch arm64 -isysroot /Applications/Xcode.app/Contents/Developer/Platforms/iPhoneOS.platform/Developer/SDKs/iPhoneOS18.2.sdk -mios-version-min=15.0 -fembed-bitcode'
CPPFLAGS='-I/Applications/Xcode.app/Contents/Developer/Platforms/iPhoneOS.platform/Developer/SDKs/iPhoneOS18.2.sdk/usr/include -I/Users/tianfengyou/Desktop/自己库/TFYSwiftSSRUilt/TFYSwiftSSRKit/libev/include -I/Users/tianfengyou/Desktop/自己库/TFYSwiftSSRUilt/TFYSwiftSSRKit/libmaxminddb/include -I/Users/tianfengyou/Desktop/自己库/TFYSwiftSSRUilt/TFYSwiftSSRKit/libsodium/include -I/Users/tianfengyou/Desktop/自己库/TFYSwiftSSRUilt/TFYSwiftSSRKit/mbedtls/include -I/Users/tianfengyou/Desktop/自己库/TFYSwiftSSRUilt/TFYSwiftSSRKit/openssl/include -I/Users/tianfengyou/Desktop/自己库/TFYSwiftSSRUilt/TFYSwiftSSRKit/pcre/include -I/Users/tianfengyou/Desktop/自己库/TFYSwiftSSRUilt/TFYSwiftSSRKit/c-ares/include'
CSCOPE='cscope'
CTAGS='ctags'
CYGPATH_W='echo'
DEFS='-DHAVE_CONFIG_H'
DEPDIR='.deps'
DLLTOOL='false'
DSYMUTIL='dsymutil'
DUMPBIN=''
ECHO_C='\c'
ECHO_N=''
ECHO_T=''
EGREP='/usr/bin/grep -E'
ENABLE_DOCUMENTATION_FALSE=''
ENABLE_DOCUMENTATION_TRUE='#'
ETAGS='etags'
EXEEXT=''
FGREP='/usr/bin/grep -F'
FILECMD='file'
GREP='/usr/bin/grep'
INSTALL_DATA='${INSTALL} -m 644'
INSTALL_PROGRAM='${INSTALL}'
INSTALL_SCRIPT='${INSTALL}'
INSTALL_STRIP_PROGRAM='$(install_sh) -c -s'
LD='/Applications/Xcode.app/Contents/Developer/Toolchains/XcodeDefault.xctoolchain/usr/bin/ld'
LDFLAGS='-arch arm64 -isysroot /Applications/Xcode.app/Contents/Developer/Platforms/iPhoneOS.platform/Developer/SDKs/iPhoneOS18.2.sdk -mios-version-min=15.0 -L/Users/tianfengyou/Desktop/自己库/TFYSwiftSSRUilt/TFYSwiftSSRKit/libev/lib -L/Users/tianfengyou/Desktop/自己库/TFYSwiftSSRUilt/TFYSwiftSSRKit/libmaxminddb/lib -L/Users/tianfengyou/Desktop/自己库/TFYSwiftSSRUilt/TFYSwiftSSRKit/libsodium/lib -L/Users/tianfengyou/Desktop/自己库/TFYSwiftSSRUilt/TFYSwiftSSRKit/mbedtls/lib -L/Users/tianfengyou/Desktop/自己库/TFYSwiftSSRUilt/TFYSwiftSSRKit/openssl/lib -L/Users/tianfengyou/Desktop/自己库/TFYSwiftSSRUilt/TFYSwiftSSRKit/pcre/lib -L/Users/tianfengyou/Desktop/自己库/TFYSwiftSSRUilt/TFYSwiftSSRKit/c-ares/lib'
LIBOBJS=''
LIBS=' -lev_ios -lmaxminddb_ios -lsodium_ios -lmbedcrypto_ios -lmbedtls_ios -lmbedx509_ios -lssl_ios -lcrypto_ios -lpcre_ios -lcares_ios'
LIBTOOL='$(SHELL) $(top_builddir)/libtool'
LIPO='lipo'
LN_S='ln -s'
LTLIBOBJS=''
LT_SYS_LIBRARY_PATH=''
MAINT='#'
MAINTAINER_MODE_FALSE=''
MAINTAINER_MODE_TRUE='#'
MAKEINFO='${SHELL} '\''/Users/tianfengyou/Desktop/自己库/TFYSwiftSSRUilt/TFYSwiftSSRKit/shadowsocks-libev/shadowsocks-libev-3.3.5/auto/missing'\'' makeinfo'
MANIFEST_TOOL=':'
MKDIR_P='/opt/homebrew/bin/gmkdir -p'
NM='/usr/bin/nm -B'
NMEDIT='nmedit'
OBJDUMP='objdump'
OBJEXT='o'
OTOOL64=':'
OTOOL='otool'
PACKAGE='shadowsocks-libev'
PACKAGE_BUGREPORT='max.c.lv@gmail.com'
PACKAGE_NAME='shadowsocks-libev'
PACKAGE_STRING='shadowsocks-libev 3.3.5'
PACKAGE_TARNAME='shadowsocks-libev'
PACKAGE_URL=''
PACKAGE_VERSION='3.3.5'
PATH_SEPARATOR=':'
PCRE_CFLAGS='-I/opt/homebrew/Cellar/pcre/8.45/include'
PCRE_LIBS='-L/opt/homebrew/Cellar/pcre/8.45/lib -lpcre'
PKG_CONFIG='/opt/homebrew/bin/pkg-config'
PKG_CONFIG_LIBDIR=''
PKG_CONFIG_PATH=''
RANLIB='ranlib'
SED='/usr/bin/sed'
SET_MAKE=''
SHELL='/bin/sh'
STRIP='strip'
USE_SYSTEM_SHARED_LIB_FALSE=''
USE_SYSTEM_SHARED_LIB_TRUE='#'
VERSION='3.3.5'
ac_ct_AR='ar'
ac_ct_CC='gcc'
ac_ct_DUMPBIN=''
am__EXEEXT_FALSE=''
am__EXEEXT_TRUE='#'
am__fastdepCC_FALSE='#'
am__fastdepCC_TRUE=''
am__include='include'
am__isrc=''
am__leading_dot='.'
am__nodep='_no'
am__quote=''
am__rm_f_notfound=''
am__tar='$${TAR-tar} chof - "$$tardir"'
am__untar='$${TAR-tar} xf -'
am__xargs_n='xargs -n'
bindir='${exec_prefix}/bin'
build='aarch64-apple-darwin24.3.0'
build_alias=''
build_cpu='aarch64'
build_os='darwin24.3.0'
build_vendor='apple'
datadir='${datarootdir}'
datarootdir='${prefix}/share'
docdir='${datarootdir}/doc/${PACKAGE_TARNAME}'
dvidir='${docdir}'
exec_prefix='${prefix}'
host='aarch64-apple-darwin24.3.0'
host_alias=''
host_cpu='aarch64'
host_os='darwin24.3.0'
host_vendor='apple'
htmldir='${docdir}'
includedir='${prefix}/include'
infodir='${datarootdir}/info'
install_sh='${SHELL} /Users/tianfengyou/Desktop/自己库/TFYSwiftSSRUilt/TFYSwiftSSRKit/shadowsocks-libev/shadowsocks-libev-3.3.5/auto/install-sh'
libdir='${exec_prefix}/lib'
libexecdir='${exec_prefix}/libexec'
localedir='${datarootdir}/locale'
localstatedir='${prefix}/var'
mandir='${datarootdir}/man'
mkdir_p='$(MKDIR_P)'
oldincludedir='/usr/include'
pdfdir='${docdir}'
platform_suffix_ios_FALSE='#'
platform_suffix_ios_TRUE=''
prefix='/usr/local'
program_transform_name='s,x,x,'
psdir='${docdir}'
runstatedir='${localstatedir}/run'
sbindir='${exec_prefix}/sbin'
sharedstatedir='${prefix}/com'
sysconfdir='${prefix}/etc'
target_alias=''

## ----------- ##
## confdefs.h. ##
## ----------- ##

/* confdefs.h */
#define PACKAGE_NAME "shadowsocks-libev"
#define PACKAGE_TARNAME "shadowsocks-libev"
#define PACKAGE_VERSION "3.3.5"
#define PACKAGE_STRING "shadowsocks-libev 3.3.5"
#define PACKAGE_BUGREPORT "max.c.lv@gmail.com"
#define PACKAGE_URL ""
#define HAVE_STDIO_H 1
#define HAVE_STDLIB_H 1
#define HAVE_STRING_H 1
#define HAVE_INTTYPES_H 1
#define HAVE_STDINT_H 1
#define HAVE_STRINGS_H 1
#define HAVE_SYS_STAT_H 1
#define HAVE_SYS_TYPES_H 1
#define HAVE_UNISTD_H 1
#define HAVE_WCHAR_H 1
#define STDC_HEADERS 1
#define _ALL_SOURCE 1
#define _DARWIN_C_SOURCE 1
#define _GNU_SOURCE 1
#define _HPUX_ALT_XOPEN_SOCKET_API 1
#define _NETBSD_SOURCE 1
#define _OPENBSD_SOURCE 1
#define _POSIX_PTHREAD_SEMANTICS 1
#define __STDC_WANT_IEC_60559_ATTRIBS_EXT__ 1
#define __STDC_WANT_IEC_60559_BFP_EXT__ 1
#define __STDC_WANT_IEC_60559_DFP_EXT__ 1
#define __STDC_WANT_IEC_60559_EXT__ 1
#define __STDC_WANT_IEC_60559_FUNCS_EXT__ 1
#define __STDC_WANT_IEC_60559_TYPES_EXT__ 1
#define __STDC_WANT_LIB_EXT2__ 1
#define __STDC_WANT_MATH_SPEC_FUNCS__ 1
#define _TANDEM_SOURCE 1
#define __EXTENSIONS__ 1
#define PACKAGE "shadowsocks-libev"
#define VERSION "3.3.5"
#define HAVE_DLFCN_H 1
#define LT_OBJDIR ".libs/"
#define HAVE_PCRE_H 1
#define HAVE_SIZE_T 1
#define HAVE_SSIZE_T 1
#define HAVE_INT64_T 1
#define HAVE_UINT16_T 1
#define HAVE_UINT32_T 1
#define HAVE_UINT64_T 1
#define HAVE_UINT8_T 1
#define HAVE_PID_T 1
#define HAVE_MALLOC 1
#define HAVE_MEMSET 1
#define HAVE_SOCKET 1
#define HAVE_SELECT 1
#define HAVE_CLOCK_GETTIME 1
#define HAVE_GETTIMEOFDAY 1
#define HAVE_INET_NTOA 1
#define HAVE_MEMMOVE 1
#define HAVE_STRCHR 1
#define HAVE_STRRCHR 1
#define HAVE_STRERROR 1

configure: exit 0
