This file contains any messages produced by compilers while
running configure, to aid debugging if configure makes a mistake.

It was created by configure, which was
generated by GNU Autoconf 2.72.  Invocation command line was

  $ ./configure

## --------- ##
## Platform. ##
## --------- ##

hostname = Mac
uname -m = arm64
uname -r = 24.3.0
uname -s = Darwin
uname -v = Darwin Kernel Version 24.3.0: Thu Jan  2 20:24:23 PST 2025; root:xnu-11215.81.4~3/RELEASE_ARM64_T8122

/usr/bin/uname -p = arm
/bin/uname -X     = unknown

/bin/arch              = unknown
/usr/bin/arch -k       = unknown
/usr/convex/getsysinfo = unknown
/usr/bin/hostinfo      = Mach kernel version:
	 Darwin Kernel Version 24.3.0: Thu Jan  2 20:24:23 PST 2025; root:xnu-11215.81.4~3/RELEASE_ARM64_T8122
Kernel configured for up to 8 processors.
8 processors are physically available.
8 processors are logically available.
Processor type: arm64e (ARM64E)
Processors active: 0 1 2 3 4 5 6 7
Primary memory available: 24.00 gigabytes
Default processor set: 824 tasks, 3586 threads, 8 processors
Load average: 3.40, Mach factor: 5.03
/bin/machine           = unknown
/usr/bin/oslevel       = unknown
/bin/universe          = unknown

PATH: /opt/homebrew/opt/ruby/bin/
PATH: /opt/homebrew/bin/
PATH: /opt/homebrew/sbin/
PATH: /Users/tianfengyou/.rbenv/shims/
PATH: /usr/local/bin/
PATH: /System/Cryptexes/App/usr/bin/
PATH: /usr/bin/
PATH: /bin/
PATH: /usr/sbin/
PATH: /sbin/
PATH: /var/run/com.apple.security.cryptexd/codex.system/bootstrap/usr/local/bin/
PATH: /var/run/com.apple.security.cryptexd/codex.system/bootstrap/usr/bin/
PATH: /var/run/com.apple.security.cryptexd/codex.system/bootstrap/usr/appleinternal/bin/
PATH: /Library/Apple/usr/bin/
PATH: /Users/tianfengyou/.cargo/bin/
PATH: /Users/tianfengyou/.rvm/gems/ruby-3.3.6/bin/
PATH: /Users/tianfengyou/.rvm/gems/ruby-3.3.6@global/bin/
PATH: /Users/tianfengyou/.rvm/rubies/ruby-3.3.6/bin/
PATH: /Users/tianfengyou/.rvm/bin/
PATH: /Users/tianfengyou/.rvm/bin/


## ----------- ##
## Core tests. ##
## ----------- ##

configure:2732: looking for aux files: install-sh config.guess config.sub
configure:2745:  trying ./
configure:2756:   ./install-sh found
configure:2774:   ./config.guess found
configure:2774:   ./config.sub found
configure:2907: checking build system type
configure:2923: result: aarch64-apple-darwin24.3.0
configure:2943: checking host system type
configure:2958: result: aarch64-apple-darwin24.3.0
configure:3100: checking for gcc
configure:3133: result: /Applications/Xcode.app/Contents/Developer/Toolchains/XcodeDefault.xctoolchain/usr/bin/clang
configure:3492: checking for C compiler version
configure:3501: /Applications/Xcode.app/Contents/Developer/Toolchains/XcodeDefault.xctoolchain/usr/bin/clang --version >&5
Apple clang version 16.0.0 (clang-1600.0.26.6)
Target: arm64-apple-darwin24.3.0
Thread model: posix
InstalledDir: /Applications/Xcode.app/Contents/Developer/Toolchains/XcodeDefault.xctoolchain/usr/bin
configure:3512: $? = 0
configure:3501: /Applications/Xcode.app/Contents/Developer/Toolchains/XcodeDefault.xctoolchain/usr/bin/clang -v >&5
Apple clang version 16.0.0 (clang-1600.0.26.6)
Target: arm64-apple-darwin24.3.0
Thread model: posix
InstalledDir: /Applications/Xcode.app/Contents/Developer/Toolchains/XcodeDefault.xctoolchain/usr/bin
configure:3512: $? = 0
configure:3501: /Applications/Xcode.app/Contents/Developer/Toolchains/XcodeDefault.xctoolchain/usr/bin/clang -V >&5
clang: error: argument to '-V' is missing (expected 1 value)
clang: error: no input files
configure:3512: $? = 1
configure:3501: /Applications/Xcode.app/Contents/Developer/Toolchains/XcodeDefault.xctoolchain/usr/bin/clang -qversion >&5
clang: error: unknown argument '-qversion'; did you mean '--version'?
clang: error: no input files
configure:3512: $? = 1
configure:3501: /Applications/Xcode.app/Contents/Developer/Toolchains/XcodeDefault.xctoolchain/usr/bin/clang -version >&5
clang: error: unknown argument '-version'; did you mean '--version'?
clang: error: no input files
configure:3512: $? = 1
configure:3532: checking whether the C compiler works
configure:3554: /Applications/Xcode.app/Contents/Developer/Toolchains/XcodeDefault.xctoolchain/usr/bin/clang -arch arm64 -isysroot /Applications/Xcode.app/Contents/Developer/Platforms/iPhoneOS.platform/Developer/SDKs/iPhoneOS18.2.sdk -mios-version-min=15.0 -I/Users/tianfengyou/Desktop/自己库/TFYSwiftSSRUilt/Scripts/../TFYSwiftSSRKit/pcre/install/ios/include  -arch arm64 -isysroot /Applications/Xcode.app/Contents/Developer/Platforms/iPhoneOS.platform/Developer/SDKs/iPhoneOS18.2.sdk -L/Users/tianfengyou/Desktop/自己库/TFYSwiftSSRUilt/Scripts/../TFYSwiftSSRKit/pcre/install/ios/lib conftest.c -lpcre -lpcreposix >&5
configure:3558: $? = 0
configure:3609: result: yes
configure:3613: checking for C compiler default output file name
configure:3615: result: a.out
configure:3621: checking for suffix of executables
configure:3628: /Applications/Xcode.app/Contents/Developer/Toolchains/XcodeDefault.xctoolchain/usr/bin/clang -o conftest -arch arm64 -isysroot /Applications/Xcode.app/Contents/Developer/Platforms/iPhoneOS.platform/Developer/SDKs/iPhoneOS18.2.sdk -mios-version-min=15.0 -I/Users/tianfengyou/Desktop/自己库/TFYSwiftSSRUilt/Scripts/../TFYSwiftSSRKit/pcre/install/ios/include  -arch arm64 -isysroot /Applications/Xcode.app/Contents/Developer/Platforms/iPhoneOS.platform/Developer/SDKs/iPhoneOS18.2.sdk -L/Users/tianfengyou/Desktop/自己库/TFYSwiftSSRUilt/Scripts/../TFYSwiftSSRKit/pcre/install/ios/lib conftest.c -lpcre -lpcreposix >&5
configure:3632: $? = 0
configure:3656: result: 
configure:3680: checking whether we are cross compiling
configure:3688: /Applications/Xcode.app/Contents/Developer/Toolchains/XcodeDefault.xctoolchain/usr/bin/clang -o conftest -arch arm64 -isysroot /Applications/Xcode.app/Contents/Developer/Platforms/iPhoneOS.platform/Developer/SDKs/iPhoneOS18.2.sdk -mios-version-min=15.0 -I/Users/tianfengyou/Desktop/自己库/TFYSwiftSSRUilt/Scripts/../TFYSwiftSSRKit/pcre/install/ios/include  -arch arm64 -isysroot /Applications/Xcode.app/Contents/Developer/Platforms/iPhoneOS.platform/Developer/SDKs/iPhoneOS18.2.sdk -L/Users/tianfengyou/Desktop/自己库/TFYSwiftSSRUilt/Scripts/../TFYSwiftSSRKit/pcre/install/ios/lib conftest.c -lpcre -lpcreposix >&5
configure:3692: $? = 0
configure:3699: ./conftest

## ---------------- ##
## Cache variables. ##
## ---------------- ##

ac_cv_build=aarch64-apple-darwin24.3.0
ac_cv_c_bigendian=no
ac_cv_env_CC_set=set
ac_cv_env_CC_value=/Applications/Xcode.app/Contents/Developer/Toolchains/XcodeDefault.xctoolchain/usr/bin/clang
ac_cv_env_CFLAGS_set=set
ac_cv_env_CFLAGS_value='-arch arm64 -isysroot /Applications/Xcode.app/Contents/Developer/Platforms/iPhoneOS.platform/Developer/SDKs/iPhoneOS18.2.sdk -mios-version-min=15.0 -I/Users/tianfengyou/Desktop/自己库/TFYSwiftSSRUilt/Scripts/../TFYSwiftSSRKit/pcre/install/ios/include'
ac_cv_env_CPPFLAGS_set=
ac_cv_env_CPPFLAGS_value=
ac_cv_env_CPP_set=
ac_cv_env_CPP_value=
ac_cv_env_LDFLAGS_set=set
ac_cv_env_LDFLAGS_value='-arch arm64 -isysroot /Applications/Xcode.app/Contents/Developer/Platforms/iPhoneOS.platform/Developer/SDKs/iPhoneOS18.2.sdk -L/Users/tianfengyou/Desktop/自己库/TFYSwiftSSRUilt/Scripts/../TFYSwiftSSRKit/pcre/install/ios/lib'
ac_cv_env_LIBS_set=set
ac_cv_env_LIBS_value='-lpcre -lpcreposix'
ac_cv_env_build_alias_set=
ac_cv_env_build_alias_value=
ac_cv_env_host_alias_set=
ac_cv_env_host_alias_value=
ac_cv_env_target_alias_set=
ac_cv_env_target_alias_value=
ac_cv_file__dev_random=yes
ac_cv_file__dev_zero=no
ac_cv_func_malloc_0_nonnull=yes
ac_cv_func_mmap_fixed_mapped=yes
ac_cv_func_realloc_0_nonnull=yes
ac_cv_host=aarch64-apple-darwin24.3.0
ac_cv_prog_ac_ct_CC=/Applications/Xcode.app/Contents/Developer/Toolchains/XcodeDefault.xctoolchain/usr/bin/clang
ac_cv_prog_cc_g=no
ac_cv_sizeof_long=8
ac_cv_sizeof_size_t=8
ac_cv_sizeof_void_p=8
ac_cv_type_long_long=yes
ac_cv_type_unsigned_long_long=yes

## ----------------- ##
## Output variables. ##
## ----------------- ##

AWK=''
BGROUPS=''
CC='/Applications/Xcode.app/Contents/Developer/Toolchains/XcodeDefault.xctoolchain/usr/bin/clang'
CFLAGS='-arch arm64 -isysroot /Applications/Xcode.app/Contents/Developer/Platforms/iPhoneOS.platform/Developer/SDKs/iPhoneOS18.2.sdk -mios-version-min=15.0 -I/Users/tianfengyou/Desktop/自己库/TFYSwiftSSRUilt/Scripts/../TFYSwiftSSRKit/pcre/install/ios/include'
CODE_STATUS='stable'
CPP=''
CPPFLAGS=''
DB2HTML='false'
DEFS=''
DKPREFIX='none'
DOC_STATUS=''
ECHO_C='\c'
ECHO_N=''
ECHO_T=''
EGREP=''
EXEEXT=''
FEATURE_BROTLI=''
FEATURE_CLIENT_TAGS_ONLY=''
FEATURE_HTTPS_INSPECTION_MBEDTLS=''
FEATURE_HTTPS_INSPECTION_ONLY=''
FEATURE_HTTPS_INSPECTION_ONLY_MBEDTLS=''
FEATURE_HTTPS_INSPECTION_ONLY_OPENSSL=''
FEATURE_HTTPS_INSPECTION_OPENSSL=''
FUZZ_ONLY=''
GDB=''
GREP=''
GROUP=''
ID=''
INSTALL_DATA=''
INSTALL_PROGRAM=''
INSTALL_SCRIPT=''
JADEBIN=''
JADECAT=''
LDFLAGS='-arch arm64 -isysroot /Applications/Xcode.app/Contents/Developer/Platforms/iPhoneOS.platform/Developer/SDKs/iPhoneOS18.2.sdk -L/Users/tianfengyou/Desktop/自己库/TFYSwiftSSRUilt/Scripts/../TFYSwiftSSRKit/pcre/install/ios/lib'
LIBOBJS=''
LIBS='-lpcre -lpcreposix'
LN_S=''
LTLIBOBJS=''
MAN2HTML=''
NSGMLS=''
OBJEXT=''
PACKAGE_BUGREPORT=''
PACKAGE_NAME=''
PACKAGE_STRING=''
PACKAGE_TARNAME=''
PACKAGE_URL=''
PACKAGE_VERSION=''
PATH_SEPARATOR=':'
PTHREAD_LIB=''
PTHREAD_ONLY=''
SET_MAKE=''
SHELL='/bin/sh'
SOCKET_LIB=''
SOURCE_DATE_EPOCH='1672586827'
SPECIAL_CFLAGS=''
STATIC_PCRE_ONLY=''
STATIC_PCRS_ONLY=''
USER='tianfengyou'
VERSION_MAJOR='3'
VERSION_MINOR='0'
VERSION_POINT='34'
W3M=''
WIN_ONLY=''
ac_ct_CC='/Applications/Xcode.app/Contents/Developer/Toolchains/XcodeDefault.xctoolchain/usr/bin/clang'
bindir='${exec_prefix}/bin'
build='aarch64-apple-darwin24.3.0'
build_alias=''
build_cpu='aarch64'
build_os='darwin24.3.0'
build_vendor='apple'
datadir='${datarootdir}'
datarootdir='${prefix}/share'
docdir='${datarootdir}/doc/${PACKAGE}'
dvidir='${docdir}'
exec_prefix='NONE'
host='aarch64-apple-darwin24.3.0'
host_alias=''
host_cpu='aarch64'
host_os='darwin24.3.0'
host_vendor='apple'
htmldir='${docdir}'
includedir='${prefix}/include'
infodir='${datarootdir}/info'
libdir='${exec_prefix}/lib'
libexecdir='${exec_prefix}/libexec'
localedir='${datarootdir}/locale'
localstatedir='${prefix}/var'
mandir='${datarootdir}/man'
oldincludedir='/usr/include'
pdfdir='${docdir}'
prefix='NONE'
program_transform_name='s,x,x,'
psdir='${docdir}'
runstatedir='${localstatedir}/run'
sbindir='${exec_prefix}/sbin'
sharedstatedir='${prefix}/com'
sysconfdir='${prefix}/etc'
target_alias=''

## ----------- ##
## confdefs.h. ##
## ----------- ##

/* confdefs.h */
#define PACKAGE_NAME ""
#define PACKAGE_TARNAME ""
#define PACKAGE_VERSION ""
#define PACKAGE_STRING ""
#define PACKAGE_BUGREPORT ""
#define PACKAGE_URL ""
#define VERSION_MAJOR 3
#define VERSION_MINOR 0
#define VERSION_POINT 34
#define VERSION "3.0.34"
#define CODE_STATUS "stable"

configure: caught signal 1
configure: exit 1
